app/build/outputs/logs/manifest-merger-debug-report.txt
-- Merging decision tree log ---
manifest
ADDED from src/main/AndroidManifest.xml:2:1-55:12
	package
		ADDED from src/main/AndroidManifest.xml:3:5-30
		INJECTED from src/main/AndroidManifest.xml
		INJECTED from src/main/AndroidManifest.xml
	android:versionName
		ADDED from src/main/AndroidManifest.xml:2:35-60
		INJECTED from src/main/AndroidManifest.xml
		INJECTED from src/main/AndroidManifest.xml
	android:versionCode
		ADDED from src/main/AndroidManifest.xml:2:11-34
		INJECTED from src/main/AndroidManifest.xml
		INJECTED from src/main/AndroidManifest.xml
	xmlns:android
		ADDED from src/main/AndroidManifest.xml:3:31-89
permission#com.example.agt.permission.MAPS_RECEIVE
ADDED from src/main/AndroidManifest.xml:4:5-109
	android:protectionLevel
		ADDED from src/main/AndroidManifest.xml:4:72-107
	android:name
		ADDED from src/main/AndroidManifest.xml:4:17-71
uses-permission#com.example.agt.permission.MAPS_RECEIVE
ADDED from src/main/AndroidManifest.xml:5:5-78
	android:name
		ADDED from src/main/AndroidManifest.xml:5:22-76
uses-permission#android.permission.CALL_PHONE
ADDED from src/main/AndroidManifest.xml:6:5-68
	android:name
		ADDED from src/main/AndroidManifest.xml:6:22-66
uses-sdk
ADDED from src/main/AndroidManifest.xml:7:5-72
MERGED from [com.google.android.gms:play-services:9.8.00] AndroidManifest.xml:4:5-42
MERGED from [com.google.android.gms:play-services-ads:9.8.00] AndroidManifest.xml:17:5-42
MERGED from [com.google.android.gms:play-services-ads-lite:9.8.00] AndroidManifest.xml:22:5-42
MERGED from [com.google.android.gms:play-services-basement:9.8.00] AndroidManifest.xml:17:5-42
MERGED from [com.android.support:support-v4:24.0.0] AndroidManifest.xml:21:5-23:54
MERGED from [com.google.android.gms:play-services-base:9.8.00] AndroidManifest.xml:17:5-42
MERGED from [com.google.android.gms:play-services-tasks:9.8.00] AndroidManifest.xml:3:5-42
MERGED from [com.google.android.gms:play-services-clearcut:9.8.00] AndroidManifest.xml:17:5-42
MERGED from [com.google.android.gms:play-services-gass:9.8.00] AndroidManifest.xml:3:5-42
MERGED from [com.google.android.gms:play-services-analytics:9.8.00] AndroidManifest.xml:17:5-42
MERGED from [com.google.android.gms:play-services-analytics-impl:9.8.00] AndroidManifest.xml:17:5-42
MERGED from [com.google.android.gms:play-services-appinvite:9.8.00] AndroidManifest.xml:17:5-42
MERGED from [com.google.android.gms:play-services-auth:9.8.00] AndroidManifest.xml:17:5-42
MERGED from [com.google.android.gms:play-services-auth-base:9.8.00] AndroidManifest.xml:4:5-42
MERGED from [com.google.android.gms:play-services-cast-framework:9.8.00] AndroidManifest.xml:3:5-42
MERGED from [com.google.android.gms:play-services-cast:9.8.00] AndroidManifest.xml:17:5-42
MERGED from [com.android.support:mediarouter-v7:24.0.0] AndroidManifest.xml:20:5-43
MERGED from [com.android.support:palette-v7:24.0.0] AndroidManifest.xml:20:5-43
MERGED from [com.android.support:appcompat-v7:24.0.0] AndroidManifest.xml:21:5-23:78
MERGED from [com.android.support:support-vector-drawable:24.0.0] AndroidManifest.xml:21:5-43
MERGED from [com.android.support:animated-vector-drawable:24.0.0] AndroidManifest.xml:20:5-44
MERGED from [com.google.firebase:firebase-config:9.8.00] AndroidManifest.xml:17:5-42
MERGED from [com.google.firebase:firebase-iid:9.8.00] AndroidManifest.xml:17:5-42
MERGED from [com.google.firebase:firebase-common:9.8.00] AndroidManifest.xml:3:5-42
MERGED from [com.google.android.gms:play-services-awareness:9.8.00] AndroidManifest.xml:17:5-42
MERGED from [com.google.android.gms:play-services-location:9.8.00] AndroidManifest.xml:3:5-42
MERGED from [com.google.android.gms:play-services-places:9.8.00] AndroidManifest.xml:17:5-42
MERGED from [com.google.android.gms:play-services-maps:9.8.00] AndroidManifest.xml:23:5-42
MERGED from [com.google.firebase:firebase-crash:9.8.00] AndroidManifest.xml:20:5-42
MERGED from [com.google.firebase:firebase-analytics:9.8.00] AndroidManifest.xml:17:5-42
MERGED from [com.google.firebase:firebase-analytics-impl:9.8.00] AndroidManifest.xml:17:5-42
MERGED from [com.google.android.gms:play-services-drive:9.8.00] AndroidManifest.xml:17:5-42
MERGED from [com.google.firebase:firebase-auth:9.8.00] AndroidManifest.xml:17:5-42
MERGED from [com.google.firebase:firebase-auth-common:9.8.00] AndroidManifest.xml:17:5-42
MERGED from [com.google.firebase:firebase-auth-module:9.8.00] AndroidManifest.xml:3:5-42
MERGED from [com.google.firebase:firebase-database-connection:9.8.00] AndroidManifest.xml:3:5-42
MERGED from [com.google.firebase:firebase-database:9.8.00] AndroidManifest.xml:3:5-42
MERGED from [com.google.firebase:firebase-messaging:9.8.00] AndroidManifest.xml:17:5-42
MERGED from [com.google.firebase:firebase-storage:9.8.00] AndroidManifest.xml:3:5-42
MERGED from [com.google.firebase:firebase-storage-common:9.8.00] AndroidManifest.xml:3:5-42
MERGED from [com.google.android.gms:play-services-fitness:9.8.00] AndroidManifest.xml:17:5-42
MERGED from [com.google.android.gms:play-services-games:9.8.00] AndroidManifest.xml:17:5-42
MERGED from [com.google.android.gms:play-services-gcm:9.8.00] AndroidManifest.xml:17:5-42
MERGED from [com.google.android.gms:play-services-iid:9.8.00] AndroidManifest.xml:17:5-42
MERGED from [com.google.android.gms:play-services-appindexing:9.8.00] AndroidManifest.xml:17:5-42
MERGED from [com.google.android.gms:play-services-identity:9.8.00] AndroidManifest.xml:17:5-42
MERGED from [com.google.android.gms:play-services-instantapps:9.8.00] AndroidManifest.xml:3:5-42
MERGED from [com.google.android.gms:play-services-nearby:9.8.00] AndroidManifest.xml:3:5-42
MERGED from [com.google.android.gms:play-services-panorama:9.8.00] AndroidManifest.xml:17:5-42
MERGED from [com.google.android.gms:play-services-plus:9.8.00] AndroidManifest.xml:17:5-42
MERGED from [com.google.android.gms:play-services-safetynet:9.8.00] AndroidManifest.xml:17:5-42
MERGED from [com.google.android.gms:play-services-tagmanager-api:9.8.00] AndroidManifest.xml:17:5-42
MERGED from [com.google.android.gms:play-services-tagmanager:9.8.00] AndroidManifest.xml:17:5-42
MERGED from [com.google.android.gms:play-services-vision:9.8.00] AndroidManifest.xml:3:5-42
MERGED from [com.google.android.gms:play-services-wallet:9.8.00] AndroidManifest.xml:18:5-42
MERGED from [com.google.android.gms:play-services-wearable:9.8.00] AndroidManifest.xml:17:5-42
	tools:overrideLibrary
		ADDED from [com.android.support:support-v4:24.0.0] AndroidManifest.xml:23:9-51
	android:targetSdkVersion
		ADDED from src/main/AndroidManifest.xml:7:41-70
		INJECTED from src/main/AndroidManifest.xml
		INJECTED from src/main/AndroidManifest.xml
	android:minSdkVersion
		ADDED from src/main/AndroidManifest.xml:7:15-40
		INJECTED from src/main/AndroidManifest.xml
		INJECTED from src/main/AndroidManifest.xml
uses-permission#android.permission.ACCESS_NETWORK_STATE
ADDED from src/main/AndroidManifest.xml:8:5-78
MERGED from [com.google.android.gms:play-services-ads-lite:9.8.00] AndroidManifest.xml:20:5-78
MERGED from [com.google.android.gms:play-services-analytics:9.8.00] AndroidManifest.xml:21:5-78
MERGED from [com.google.android.gms:play-services-analytics-impl:9.8.00] AndroidManifest.xml:21:5-78
MERGED from [com.google.firebase:firebase-iid:9.8.00] AndroidManifest.xml:19:5-78
MERGED from [com.google.android.gms:play-services-maps:9.8.00] AndroidManifest.xml:19:5-78
MERGED from [com.google.firebase:firebase-analytics:9.8.00] AndroidManifest.xml:21:5-78
MERGED from [com.google.firebase:firebase-analytics-impl:9.8.00] AndroidManifest.xml:21:5-78
MERGED from [com.google.android.gms:play-services-nearby:9.8.00] AndroidManifest.xml:4:5-78
MERGED from [com.google.android.gms:play-services-tagmanager-api:9.8.00] AndroidManifest.xml:21:5-78
	android:name
		ADDED from src/main/AndroidManifest.xml:8:22-76
uses-permission#android.permission.INTERNET
ADDED from src/main/AndroidManifest.xml:9:5-66
MERGED from [com.google.android.gms:play-services-ads-lite:9.8.00] AndroidManifest.xml:19:5-66
MERGED from [com.google.android.gms:play-services-analytics:9.8.00] AndroidManifest.xml:20:5-66
MERGED from [com.google.android.gms:play-services-analytics-impl:9.8.00] AndroidManifest.xml:20:5-66
MERGED from [com.google.android.gms:play-services-appinvite:9.8.00] AndroidManifest.xml:18:5-66
MERGED from [com.google.firebase:firebase-iid:9.8.00] AndroidManifest.xml:20:5-66
MERGED from [com.google.android.gms:play-services-maps:9.8.00] AndroidManifest.xml:20:5-66
MERGED from [com.google.firebase:firebase-crash:9.8.00] AndroidManifest.xml:18:5-66
MERGED from [com.google.firebase:firebase-analytics:9.8.00] AndroidManifest.xml:20:5-66
MERGED from [com.google.firebase:firebase-analytics-impl:9.8.00] AndroidManifest.xml:20:5-66
MERGED from [com.google.android.gms:play-services-gcm:9.8.00] AndroidManifest.xml:21:5-66
MERGED from [com.google.android.gms:play-services-iid:9.8.00] AndroidManifest.xml:21:5-66
MERGED from [com.google.android.gms:play-services-tagmanager-api:9.8.00] AndroidManifest.xml:20:5-66
	android:name
		ADDED from src/main/AndroidManifest.xml:9:22-64
uses-permission#com.google.android.providers.gsf.permission.READ_GSERVICES
ADDED from src/main/AndroidManifest.xml:10:5-97
	android:name
		ADDED from src/main/AndroidManifest.xml:10:22-95
uses-permission#android.permission.WRITE_EXTERNAL_STORAGE
ADDED from src/main/AndroidManifest.xml:11:5-80
	android:name
		ADDED from src/main/AndroidManifest.xml:11:22-78
uses-permission#android.permission.ACCESS_COARSE_LOCATION
ADDED from src/main/AndroidManifest.xml:13:5-80
	android:name
		ADDED from src/main/AndroidManifest.xml:13:22-78
uses-permission#android.permission.ACCESS_FINE_LOCATION
ADDED from src/main/AndroidManifest.xml:14:5-78
	android:name
		ADDED from src/main/AndroidManifest.xml:14:22-76
uses-feature#0x00020000
ADDED from src/main/AndroidManifest.xml:16:5-77
MERGED from [com.google.android.gms:play-services-maps:9.8.00] AndroidManifest.xml:21:5-77
	android:glEsVersion
		ADDED from src/main/AndroidManifest.xml:16:19-51
	android:required
		ADDED from src/main/AndroidManifest.xml:16:52-75
application
ADDED from src/main/AndroidManifest.xml:18:5-54:19
MERGED from [com.google.android.gms:play-services:9.8.00] AndroidManifest.xml:5:5-20
MERGED from [com.google.android.gms:play-services-ads-lite:9.8.00] AndroidManifest.xml:23:5-27:19
MERGED from [com.google.android.gms:play-services-basement:9.8.00] AndroidManifest.xml:19:5-21:19
MERGED from [com.android.support:support-v4:24.0.0] AndroidManifest.xml:25:5-20
MERGED from [com.google.android.gms:play-services-base:9.8.00] AndroidManifest.xml:18:5-20:19
MERGED from [com.google.android.gms:play-services-tasks:9.8.00] AndroidManifest.xml:4:5-19
MERGED from [com.google.android.gms:play-services-clearcut:9.8.00] AndroidManifest.xml:18:5-19
MERGED from [com.google.android.gms:play-services-gass:9.8.00] AndroidManifest.xml:4:5-19
MERGED from [com.google.android.gms:play-services-analytics:9.8.00] AndroidManifest.xml:26:5-19
MERGED from [com.google.android.gms:play-services-analytics-impl:9.8.00] AndroidManifest.xml:26:5-19
MERGED from [com.google.android.gms:play-services-appinvite:9.8.00] AndroidManifest.xml:19:5-26:19
MERGED from [com.google.android.gms:play-services-auth:9.8.00] AndroidManifest.xml:19:5-25:19
MERGED from [com.google.android.gms:play-services-cast-framework:9.8.00] AndroidManifest.xml:4:5-8:19
MERGED from [com.google.android.gms:play-services-cast:9.8.00] AndroidManifest.xml:18:5-19
MERGED from [com.android.support:mediarouter-v7:24.0.0] AndroidManifest.xml:22:5-20
MERGED from [com.android.support:palette-v7:24.0.0] AndroidManifest.xml:22:5-23:19
MERGED from [com.android.support:appcompat-v7:24.0.0] AndroidManifest.xml:25:5-20
MERGED from [com.android.support:support-vector-drawable:24.0.0] AndroidManifest.xml:23:5-20
MERGED from [com.android.support:animated-vector-drawable:24.0.0] AndroidManifest.xml:22:5-20
MERGED from [com.google.firebase:firebase-config:9.8.00] AndroidManifest.xml:18:5-19
MERGED from [com.google.firebase:firebase-iid:9.8.00] AndroidManifest.xml:28:5-50:19
MERGED from [com.google.firebase:firebase-common:9.8.00] AndroidManifest.xml:4:5-7:19
MERGED from [com.google.android.gms:play-services-awareness:9.8.00] AndroidManifest.xml:18:5-19
MERGED from [com.google.android.gms:play-services-location:9.8.00] AndroidManifest.xml:4:5-19
MERGED from [com.google.android.gms:play-services-places:9.8.00] AndroidManifest.xml:18:5-19
MERGED from [com.google.android.gms:play-services-maps:9.8.00] AndroidManifest.xml:24:5-19
MERGED from [com.google.firebase:firebase-crash:9.8.00] AndroidManifest.xml:22:5-23:19
MERGED from [com.google.firebase:firebase-analytics:9.8.00] AndroidManifest.xml:24:5-33:19
MERGED from [com.google.firebase:firebase-analytics-impl:9.8.00] AndroidManifest.xml:24:5-28:19
MERGED from [com.google.android.gms:play-services-drive:9.8.00] AndroidManifest.xml:18:5-19
MERGED from [com.google.firebase:firebase-auth:9.8.00] AndroidManifest.xml:19:5-20:19
MERGED from [com.google.firebase:firebase-auth-common:9.8.00] AndroidManifest.xml:19:5-20:19
MERGED from [com.google.firebase:firebase-messaging:9.8.00] AndroidManifest.xml:19:5-29:19
MERGED from [com.google.android.gms:play-services-fitness:9.8.00] AndroidManifest.xml:18:5-19
MERGED from [com.google.android.gms:play-services-games:9.8.00] AndroidManifest.xml:18:5-19
MERGED from [com.google.android.gms:play-services-gcm:9.8.00] AndroidManifest.xml:23:5-19
MERGED from [com.google.android.gms:play-services-iid:9.8.00] AndroidManifest.xml:23:5-19
MERGED from [com.google.android.gms:play-services-appindexing:9.8.00] AndroidManifest.xml:18:5-19
MERGED from [com.google.android.gms:play-services-identity:9.8.00] AndroidManifest.xml:18:5-19
MERGED from [com.google.android.gms:play-services-nearby:9.8.00] AndroidManifest.xml:5:5-19
MERGED from [com.google.android.gms:play-services-panorama:9.8.00] AndroidManifest.xml:18:5-19
MERGED from [com.google.android.gms:play-services-plus:9.8.00] AndroidManifest.xml:18:5-19
MERGED from [com.google.android.gms:play-services-safetynet:9.8.00] AndroidManifest.xml:18:5-19
MERGED from [com.google.android.gms:play-services-tagmanager-api:9.8.00] AndroidManifest.xml:23:5-33:19
MERGED from [com.google.android.gms:play-services-vision:9.8.00] AndroidManifest.xml:4:5-19
MERGED from [com.google.android.gms:play-services-wearable:9.8.00] AndroidManifest.xml:18:5-19
	android:label
		ADDED from src/main/AndroidManifest.xml:20:9-41
	android:allowBackup
		ADDED from src/main/AndroidManifest.xml:18:18-44
	android:icon
		ADDED from src/main/AndroidManifest.xml:19:9-45
	android:theme
		ADDED from src/main/AndroidManifest.xml:20:42-73
activity#com.example.agt.SplashScreen
ADDED from src/main/AndroidManifest.xml:21:9-28:20
	android:screenOrientation
		ADDED from src/main/AndroidManifest.xml:23:13-49
	android:label
		ADDED from src/main/AndroidManifest.xml:21:19-51
	android:theme
		ADDED from src/main/AndroidManifest.xml:23:50-103
	android:name
		ADDED from src/main/AndroidManifest.xml:22:13-56
intent-filter#android.intent.action.MAIN+android.intent.category.LAUNCHER
ADDED from src/main/AndroidManifest.xml:24:13-27:29
action#android.intent.action.MAIN
ADDED from src/main/AndroidManifest.xml:25:17-68
	android:name
		ADDED from src/main/AndroidManifest.xml:25:25-66
category#android.intent.category.LAUNCHER
ADDED from src/main/AndroidManifest.xml:26:17-76
	android:name
		ADDED from src/main/AndroidManifest.xml:26:27-74
activity#com.example.agt.LoginActivity
ADDED from src/main/AndroidManifest.xml:29:9-98
	android:label
		ADDED from src/main/AndroidManifest.xml:29:19-51
	android:name
		ADDED from src/main/AndroidManifest.xml:29:52-96
activity#com.example.agt.CustomizedListView
ADDED from src/main/AndroidManifest.xml:30:9-108
	android:screenOrientation
		ADDED from src/main/AndroidManifest.xml:30:70-106
	android:name
		ADDED from src/main/AndroidManifest.xml:30:20-69
activity#com.example.agt.detailListView
ADDED from src/main/AndroidManifest.xml:31:9-135
	android:screenOrientation
		ADDED from src/main/AndroidManifest.xml:31:97-133
	android:label
		ADDED from src/main/AndroidManifest.xml:31:19-50
	android:name
		ADDED from src/main/AndroidManifest.xml:31:51-96
activity#com.example.agt.maptest
ADDED from src/main/AndroidManifest.xml:32:9-96
	android:screenOrientation
		ADDED from src/main/AndroidManifest.xml:32:58-94
	android:name
		ADDED from src/main/AndroidManifest.xml:32:19-57
activity#com.example.agt.DashboardActivity
ADDED from src/main/AndroidManifest.xml:33:9-87
	android:label
		ADDED from src/main/AndroidManifest.xml:33:19-51
	android:name
		ADDED from src/main/AndroidManifest.xml:33:52-85
activity#com.example.agt.RegisterActivity
ADDED from src/main/AndroidManifest.xml:35:9-36:84
	android:screenOrientation
		ADDED from src/main/AndroidManifest.xml:36:46-82
	android:label
		ADDED from src/main/AndroidManifest.xml:35:19-55
	android:name
		ADDED from src/main/AndroidManifest.xml:36:13-45
activity#com.example.agt.PlaceActivity
ADDED from src/main/AndroidManifest.xml:38:9-117
	android:screenOrientation
		ADDED from src/main/AndroidManifest.xml:38:79-115
	android:label
		ADDED from src/main/AndroidManifest.xml:38:19-48
	android:name
		ADDED from src/main/AndroidManifest.xml:38:49-78
activity#com.example.agt.GridViewActivity
ADDED from src/main/AndroidManifest.xml:39:10-114
	android:screenOrientation
		ADDED from src/main/AndroidManifest.xml:39:76-112
	android:label
		ADDED from src/main/AndroidManifest.xml:39:20-42
	android:name
		ADDED from src/main/AndroidManifest.xml:39:43-75
activity#com.example.agt.FullScreenViewActivity
ADDED from src/main/AndroidManifest.xml:40:10-98
	android:screenOrientation
		ADDED from src/main/AndroidManifest.xml:40:59-95
	android:name
		ADDED from src/main/AndroidManifest.xml:40:20-58
activity#com.example.agt.ShowAllBookmarksActivity
ADDED from src/main/AndroidManifest.xml:42:9-124
	android:screenOrientation
		ADDED from src/main/AndroidManifest.xml:42:86-122
	android:label
		ADDED from src/main/AndroidManifest.xml:42:19-44
	android:name
		ADDED from src/main/AndroidManifest.xml:42:45-85
activity#com.example.agt.AddReviewActivity
ADDED from src/main/AndroidManifest.xml:44:9-45:95
	android:screenOrientation
		ADDED from src/main/AndroidManifest.xml:45:13-49
	android:theme
		ADDED from src/main/AndroidManifest.xml:45:50-93
	android:name
		ADDED from src/main/AndroidManifest.xml:44:19-52
activity#com.example.agt.ReviewsActivity
ADDED from src/main/AndroidManifest.xml:46:9-104
	android:screenOrientation
		ADDED from src/main/AndroidManifest.xml:46:66-102
	android:name
		ADDED from src/main/AndroidManifest.xml:46:19-65
activity#com.example.agt.ForumActivity
ADDED from src/main/AndroidManifest.xml:48:9-76
	android:label
		ADDED from src/main/AndroidManifest.xml:48:19-44
	android:name
		ADDED from src/main/AndroidManifest.xml:48:45-74
activity#com.example.agt.AnswersActivity
ADDED from src/main/AndroidManifest.xml:50:9-79
	android:label
		ADDED from src/main/AndroidManifest.xml:50:19-45
	android:name
		ADDED from src/main/AndroidManifest.xml:50:46-77
meta-data#com.google.android.gms.version
ADDED from src/main/AndroidManifest.xml:51:9-121
MERGED from [com.google.android.gms:play-services-basement:9.8.00] AndroidManifest.xml:20:9-121
	android:value
		ADDED from src/main/AndroidManifest.xml:51:66-119
	android:name
		ADDED from src/main/AndroidManifest.xml:51:20-65
meta-data#com.google.android.maps.v2.API_KEY
ADDED from src/main/AndroidManifest.xml:52:9-127
	android:value
		ADDED from src/main/AndroidManifest.xml:52:70-125
	android:name
		ADDED from src/main/AndroidManifest.xml:52:20-69
service#com.example.agt.MyService
ADDED from src/main/AndroidManifest.xml:53:9-73
	android:label
		ADDED from src/main/AndroidManifest.xml:53:18-46
	android:name
		ADDED from src/main/AndroidManifest.xml:53:47-71
activity#com.google.android.gms.ads.AdActivity
ADDED from [com.google.android.gms:play-services-ads-lite:9.8.00] AndroidManifest.xml:25:9-232
	android:configChanges
		ADDED from [com.google.android.gms:play-services-ads-lite:9.8.00] AndroidManifest.xml:25:72-181
	android:theme
		ADDED from [com.google.android.gms:play-services-ads-lite:9.8.00] AndroidManifest.xml:25:182-230
	android:name
		ADDED from [com.google.android.gms:play-services-ads-lite:9.8.00] AndroidManifest.xml:25:19-71
activity#com.google.android.gms.ads.purchase.InAppPurchaseActivity
ADDED from [com.google.android.gms:play-services-ads-lite:9.8.00] AndroidManifest.xml:26:9-131
	android:theme
		ADDED from [com.google.android.gms:play-services-ads-lite:9.8.00] AndroidManifest.xml:26:92-129
	android:name
		ADDED from [com.google.android.gms:play-services-ads-lite:9.8.00] AndroidManifest.xml:26:19-91
activity#com.google.android.gms.common.api.GoogleApiActivity
ADDED from [com.google.android.gms:play-services-base:9.8.00] AndroidManifest.xml:19:9-172
	android:exported
		ADDED from [com.google.android.gms:play-services-base:9.8.00] AndroidManifest.xml:19:146-170
	android:theme
		ADDED from [com.google.android.gms:play-services-base:9.8.00] AndroidManifest.xml:19:86-145
	android:name
		ADDED from [com.google.android.gms:play-services-base:9.8.00] AndroidManifest.xml:19:19-85
uses-permission#android.permission.WAKE_LOCK
ADDED from [com.google.android.gms:play-services-analytics:9.8.00] AndroidManifest.xml:24:5-67
MERGED from [com.google.android.gms:play-services-analytics-impl:9.8.00] AndroidManifest.xml:24:5-67
MERGED from [com.google.firebase:firebase-iid:9.8.00] AndroidManifest.xml:21:5-67
MERGED from [com.google.firebase:firebase-analytics:9.8.00] AndroidManifest.xml:22:5-67
MERGED from [com.google.firebase:firebase-analytics-impl:9.8.00] AndroidManifest.xml:22:5-67
	android:name
		ADDED from [com.google.android.gms:play-services-analytics:9.8.00] AndroidManifest.xml:24:22-65
activity#com.google.android.gms.appinvite.PreviewActivity
ADDED from [com.google.android.gms:play-services-appinvite:9.8.00] AndroidManifest.xml:20:9-25:20
	android:exported
		ADDED from [com.google.android.gms:play-services-appinvite:9.8.00] AndroidManifest.xml:20:51-74
	android:theme
		ADDED from [com.google.android.gms:play-services-appinvite:9.8.00] AndroidManifest.xml:20:75-121
	android:name
		ADDED from [com.google.android.gms:play-services-appinvite:9.8.00] AndroidManifest.xml:20:19-50
intent-filter#android.intent.category.DEFAULT+com.google.android.gms.appinvite.ACTION_PREVIEW
ADDED from [com.google.android.gms:play-services-appinvite:9.8.00] AndroidManifest.xml:21:13-24:29
action#com.google.android.gms.appinvite.ACTION_PREVIEW
ADDED from [com.google.android.gms:play-services-appinvite:9.8.00] AndroidManifest.xml:22:17-89
	android:name
		ADDED from [com.google.android.gms:play-services-appinvite:9.8.00] AndroidManifest.xml:22:25-87
category#android.intent.category.DEFAULT
ADDED from [com.google.android.gms:play-services-appinvite:9.8.00] AndroidManifest.xml:23:17-75
	android:name
		ADDED from [com.google.android.gms:play-services-appinvite:9.8.00] AndroidManifest.xml:23:27-73
activity#com.google.android.gms.auth.api.signin.internal.SignInHubActivity
ADDED from [com.google.android.gms:play-services-auth:9.8.00] AndroidManifest.xml:20:9-189
	android:excludeFromRecents
		ADDED from [com.google.android.gms:play-services-auth:9.8.00] AndroidManifest.xml:20:129-162
	android:exported
		ADDED from [com.google.android.gms:play-services-auth:9.8.00] AndroidManifest.xml:20:163-187
	android:theme
		ADDED from [com.google.android.gms:play-services-auth:9.8.00] AndroidManifest.xml:20:69-128
	android:name
		ADDED from [com.google.android.gms:play-services-auth:9.8.00] AndroidManifest.xml:20:19-68
service#com.google.android.gms.auth.api.signin.RevocationBoundService
ADDED from [com.google.android.gms:play-services-auth:9.8.00] AndroidManifest.xml:24:9-184
	android:exported
		ADDED from [com.google.android.gms:play-services-auth:9.8.00] AndroidManifest.xml:24:64-87
	android:permission
		ADDED from [com.google.android.gms:play-services-auth:9.8.00] AndroidManifest.xml:24:88-182
	android:name
		ADDED from [com.google.android.gms:play-services-auth:9.8.00] AndroidManifest.xml:24:18-63
receiver#com.google.android.gms.cast.framework.media.MediaIntentReceiver
ADDED from [com.google.android.gms:play-services-cast-framework:9.8.00] AndroidManifest.xml:5:9-99
	android:name
		ADDED from [com.google.android.gms:play-services-cast-framework:9.8.00] AndroidManifest.xml:5:19-97
service#com.google.android.gms.cast.framework.media.MediaNotificationService
ADDED from [com.google.android.gms:play-services-cast-framework:9.8.00] AndroidManifest.xml:6:9-103
	android:name
		ADDED from [com.google.android.gms:play-services-cast-framework:9.8.00] AndroidManifest.xml:6:18-101
service#com.google.android.gms.cast.framework.ReconnectionService
ADDED from [com.google.android.gms:play-services-cast-framework:9.8.00] AndroidManifest.xml:7:9-92
	android:name
		ADDED from [com.google.android.gms:play-services-cast-framework:9.8.00] AndroidManifest.xml:7:18-90
uses-permission#com.google.android.c2dm.permission.RECEIVE
ADDED from [com.google.firebase:firebase-iid:9.8.00] AndroidManifest.xml:22:5-81
MERGED from [com.google.android.gms:play-services-gcm:9.8.00] AndroidManifest.xml:20:5-81
MERGED from [com.google.android.gms:play-services-iid:9.8.00] AndroidManifest.xml:20:5-81
	android:name
		ADDED from [com.google.firebase:firebase-iid:9.8.00] AndroidManifest.xml:22:22-79
permission#${applicationId}.permission.C2D_MESSAGE
ADDED from [com.google.firebase:firebase-iid:9.8.00] AndroidManifest.xml:24:5-109
	android:protectionLevel
		ADDED from [com.google.firebase:firebase-iid:9.8.00] AndroidManifest.xml:24:72-107
	android:name
		ADDED from [com.google.firebase:firebase-iid:9.8.00] AndroidManifest.xml:24:17-71
uses-permission#${applicationId}.permission.C2D_MESSAGE
ADDED from [com.google.firebase:firebase-iid:9.8.00] AndroidManifest.xml:26:5-78
	android:name
		ADDED from [com.google.firebase:firebase-iid:9.8.00] AndroidManifest.xml:26:22-76
receiver#com.google.firebase.iid.FirebaseInstanceIdReceiver
ADDED from [com.google.firebase:firebase-iid:9.8.00] AndroidManifest.xml:30:9-36:20
	android:exported
		ADDED from [com.google.firebase:firebase-iid:9.8.00] AndroidManifest.xml:30:85-108
	android:permission
		ADDED from [com.google.firebase:firebase-iid:9.8.00] AndroidManifest.xml:30:109-169
	android:name
		ADDED from [com.google.firebase:firebase-iid:9.8.00] AndroidManifest.xml:30:19-84
intent-filter#${applicationId}+com.google.android.c2dm.intent.RECEIVE+com.google.android.c2dm.intent.REGISTRATION
ADDED from [com.google.firebase:firebase-iid:9.8.00] AndroidManifest.xml:31:13-35:29
action#com.google.android.c2dm.intent.RECEIVE
ADDED from [com.google.firebase:firebase-iid:9.8.00] AndroidManifest.xml:32:17-80
	android:name
		ADDED from [com.google.firebase:firebase-iid:9.8.00] AndroidManifest.xml:32:25-78
action#com.google.android.c2dm.intent.REGISTRATION
ADDED from [com.google.firebase:firebase-iid:9.8.00] AndroidManifest.xml:33:17-85
	android:name
		ADDED from [com.google.firebase:firebase-iid:9.8.00] AndroidManifest.xml:33:25-83
category#${applicationId}
ADDED from [com.google.firebase:firebase-iid:9.8.00] AndroidManifest.xml:34:17-60
	android:name
		ADDED from [com.google.firebase:firebase-iid:9.8.00] AndroidManifest.xml:34:27-58
receiver#com.google.firebase.iid.FirebaseInstanceIdInternalReceiver
ADDED from [com.google.firebase:firebase-iid:9.8.00] AndroidManifest.xml:40:9-119
	android:exported
		ADDED from [com.google.firebase:firebase-iid:9.8.00] AndroidManifest.xml:40:93-117
	android:name
		ADDED from [com.google.firebase:firebase-iid:9.8.00] AndroidManifest.xml:40:19-92
service#com.google.firebase.iid.FirebaseInstanceIdService
ADDED from [com.google.firebase:firebase-iid:9.8.00] AndroidManifest.xml:44:9-48:19
	android:exported
		ADDED from [com.google.firebase:firebase-iid:9.8.00] AndroidManifest.xml:44:83-106
	android:name
		ADDED from [com.google.firebase:firebase-iid:9.8.00] AndroidManifest.xml:44:18-82
intent-filter#com.google.firebase.INSTANCE_ID_EVENT
ADDED from [com.google.firebase:firebase-iid:9.8.00] AndroidManifest.xml:45:13-47:29
	android:priority
		ADDED from [com.google.firebase:firebase-iid:9.8.00] AndroidManifest.xml:45:28-51
action#com.google.firebase.INSTANCE_ID_EVENT
ADDED from [com.google.firebase:firebase-iid:9.8.00] AndroidManifest.xml:46:17-79
	android:name
		ADDED from [com.google.firebase:firebase-iid:9.8.00] AndroidManifest.xml:46:25-77
provider#com.google.firebase.provider.FirebaseInitProvider
ADDED from [com.google.firebase:firebase-common:9.8.00] AndroidManifest.xml:6:9-175
	android:authorities
		ADDED from [com.google.firebase:firebase-common:9.8.00] AndroidManifest.xml:6:19-78
	android:exported
		ADDED from [com.google.firebase:firebase-common:9.8.00] AndroidManifest.xml:6:125-149
	android:initOrder
		ADDED from [com.google.firebase:firebase-common:9.8.00] AndroidManifest.xml:6:150-173
	android:name
		ADDED from [com.google.firebase:firebase-common:9.8.00] AndroidManifest.xml:6:79-124
receiver#com.google.android.gms.measurement.AppMeasurementReceiver
ADDED from [com.google.firebase:firebase-analytics:9.8.00] AndroidManifest.xml:25:7-26:18
MERGED from [com.google.firebase:firebase-analytics-impl:9.8.00] AndroidManifest.xml:25:7-26:18
	android:enabled
		ADDED from [com.google.firebase:firebase-analytics:9.8.00] AndroidManifest.xml:25:90-112
	android:exported
		ADDED from [com.google.firebase:firebase-analytics:9.8.00] AndroidManifest.xml:25:113-137
	android:name
		ADDED from [com.google.firebase:firebase-analytics:9.8.00] AndroidManifest.xml:25:17-89
receiver#com.google.android.gms.measurement.AppMeasurementInstallReferrerReceiver
ADDED from [com.google.firebase:firebase-analytics:9.8.00] AndroidManifest.xml:27:7-31:18
	android:enabled
		ADDED from [com.google.firebase:firebase-analytics:9.8.00] AndroidManifest.xml:27:162-184
	android:permission
		ADDED from [com.google.firebase:firebase-analytics:9.8.00] AndroidManifest.xml:27:105-161
	android:name